e:\c\c语言就业班\2. c语言基础提高第二天\c-languagebasic-secondday\c-languagebasic-secondday\debug\vc140.pdb
e:\c\c语言就业班\2. c语言基础提高第二天\c-languagebasic-secondday\c-languagebasic-secondday\debug\vc140.idb
e:\c\c语言就业班\2. c语言基础提高第二天\c-languagebasic-secondday\c-languagebasic-secondday\debug\day0201-习题1-野指针.obj
e:\c\c语言就业班\2. c语言基础提高第二天\c-languagebasic-secondday\c-languagebasic-secondday\debug\day0202-指针铁律1强化.obj
e:\c\c语言就业班\2. c语言基础提高第二天\c-languagebasic-secondday\c-languagebasic-secondday\debug\day0203-间接赋值的技术推演.obj
e:\c\c语言就业班\2. c语言基础提高第二天\c-languagebasic-secondday\c-languagebasic-secondday\debug\day0204-指针的输入输出特性.obj
e:\c\c语言就业班\2. c语言基础提高第二天\c-languagebasic-secondday\c-languagebasic-secondday\debug\day0205-字符串的基本操作.obj
e:\c\c语言就业班\2. c语言基础提高第二天\c-languagebasic-secondday\c-languagebasic-secondday\debug\day0206-一级指针内存模型建立.obj
e:\c\c语言就业班\2. c语言基础提高第二天\c-languagebasic-secondday\c-languagebasic-secondday\debug\day0207-字符串做函数参数.obj
e:\c\c语言就业班\2. c语言基础提高第二天\c-languagebasic-secondday\c-languagebasic-secondday\debug\day0208-项目开发字符串模型strstr-while.obj
e:\c\c语言就业班\2. c语言基础提高第二天\c-languagebasic-secondday\c-languagebasic-secondday\debug\day0209-两头堵模型.obj
e:\c\c语言就业班\2. c语言基础提高第二天\c-languagebasic-secondday\c-languagebasic-secondday\debug\day0210-字符串反转.obj
e:\c\c语言就业班\2. c语言基础提高第二天\c-languagebasic-secondday\c-languagebasic-secondday\debug\day0211-考试题01.obj
e:\c\c语言就业班\2. c语言基础提高第二天\c-languagebasic-secondday\c-languagebasic-secondday\debug\day0212-考试题02.obj
e:\c\c语言就业班\2. c语言基础提高第二天\c-languagebasic-secondday\debug\c-languagebasic-secondday.ilk
e:\c\c语言就业班\2. c语言基础提高第二天\c-languagebasic-secondday\debug\c-languagebasic-secondday.exe
e:\c\c语言就业班\2. c语言基础提高第二天\c-languagebasic-secondday\debug\c-languagebasic-secondday.pdb
e:\c\c语言就业班\2. c语言基础提高第二天\c-languagebasic-secondday\c-languagebasic-secondday\debug\c-langua.a70f7ae2.tlog\cl.command.1.tlog
e:\c\c语言就业班\2. c语言基础提高第二天\c-languagebasic-secondday\c-languagebasic-secondday\debug\c-langua.a70f7ae2.tlog\cl.read.1.tlog
e:\c\c语言就业班\2. c语言基础提高第二天\c-languagebasic-secondday\c-languagebasic-secondday\debug\c-langua.a70f7ae2.tlog\cl.write.1.tlog
e:\c\c语言就业班\2. c语言基础提高第二天\c-languagebasic-secondday\c-languagebasic-secondday\debug\c-langua.a70f7ae2.tlog\link.command.1.tlog
e:\c\c语言就业班\2. c语言基础提高第二天\c-languagebasic-secondday\c-languagebasic-secondday\debug\c-langua.a70f7ae2.tlog\link.read.1.tlog
e:\c\c语言就业班\2. c语言基础提高第二天\c-languagebasic-secondday\c-languagebasic-secondday\debug\c-langua.a70f7ae2.tlog\link.write.1.tlog
