生成启动时间为 2020/7/5 0:19:00。
     1>项目“E:\C\C语言就业班\C语言基础第一天\ConsoleApplication2\ConsoleApplication2.vcxproj”在节点 2 上(Build 个目标)。
     1>C:\Program Files (x86)\MSBuild\Microsoft.Cpp\v4.0\V140\Microsoft.CppBuild.targets(392,5): warning MSB8028: The intermediate directory (Debug\) contains files shared from another project (ConsoleApplication2.vcxproj).  This can lead to incorrect clean and rebuild behavior.
     1>ClCompile:
         F:\VS2015\vs2015位置\VC\bin\CL.exe /c /ZI /nologo /W3 /WX- /sdl /Od /Oy- /D WIN32 /D _DEBUG /D _CONSOLE /D _UNICODE /D UNICODE /Gm /EHsc /RTC1 /MDd /GS /fp:precise /Zc:wchar_t /Zc:forScope /Zc:inline /Fo"Debug\\" /Fd"Debug\vc140.pdb" /Gd /TP /analyze- /errorReport:prompt "day0102-数据类型本质分析.cpp" "day0103-变量的本质分析.cpp" "day0104-静态存储区的理解.cpp" "day0105-堆栈区的理解.cpp" "day0106-栈的属性检测.cpp" "day0107-指针铁律1.cpp"
         day0107-指针铁律1.cpp
     1>e:\c\c语言就业班\c语言基础第一天\consoleapplication2\day0107-指针铁律1.cpp(12): warning C4101: “p2”: 未引用的局部变量
         day0105-堆栈区的理解.cpp
         正在生成代码...
     1>e:\c\c语言就业班\c语言基础第一天\consoleapplication2\day0105-堆栈区的理解.cpp(26): warning C4172: 返回局部变量或临时变量的地址: buf
         正在跳过...(未检测到相关更改)
         day0106-栈的属性检测.cpp
         day0104-静态存储区的理解.cpp
         day0103-变量的本质分析.cpp
         day0102-数据类型本质分析.cpp
       Link:
         F:\VS2015\vs2015位置\VC\bin\link.exe /ERRORREPORT:PROMPT /OUT:"E:\C\C语言就业班\C语言基础第一天\Debug\C-Basic-FirstDay.exe" /INCREMENTAL /NOLOGO kernel32.lib user32.lib gdi32.lib winspool.lib comdlg32.lib advapi32.lib shell32.lib ole32.lib oleaut32.lib uuid.lib odbc32.lib odbccp32.lib /MANIFEST /MANIFESTUAC:"level='asInvoker' uiAccess='false'" /manifest:embed /Debug /PDB:"E:\C\C语言就业班\C语言基础第一天\Debug\C-Basic-FirstDay.pdb" /SUBSYSTEM:CONSOLE /TLBID:1 /DYNAMICBASE /NXCOMPAT /IMPLIB:"E:\C\C语言就业班\C语言基础第一天\Debug\C-Basic-FirstDay.lib" /MACHINE:X86 "Debug\day0101-学员学习的标准.obj"
         "Debug\day0102-数据类型本质分析.obj"
         "Debug\day0103-变量的本质分析.obj"
         "Debug\day0104-静态存储区的理解.obj"
         "Debug\day0105-堆栈区的理解.obj"
         "Debug\day0106-栈的属性检测.obj"
         "Debug\day0107-指针铁律1.obj"
         ConsoleApplication2.vcxproj -> E:\C\C语言就业班\C语言基础第一天\Debug\C-Basic-FirstDay.exe
     1>已完成生成项目“E:\C\C语言就业班\C语言基础第一天\ConsoleApplication2\ConsoleApplication2.vcxproj”(Build 个目标)的操作。

已成功生成。

已用时间 00:00:02.24
