生成启动时间为 2020/12/6 15:29:04。
     1>项目“E:\C\C语言就业班\4. C语言基础提高第四天\课堂练习\课堂练习\课堂练习.vcxproj”在节点 2 上(Rebuild 个目标)。
     1>ClCompile:
         F:\VS2015\installation location\VC\bin\x86_amd64\CL.exe /c /ZI /nologo /W3 /WX- /sdl /Od /D _DEBUG /D _CONSOLE /D _UNICODE /D UNICODE /Gm /EHsc /RTC1 /MDd /GS /fp:precise /Zc:wchar_t /Zc:forScope /Zc:inline /Fo"x64\Debug\\" /Fd"x64\Debug\vc140.pdb" /Gd /TP /errorReport:prompt "day0401-数组基础概念.cpp" "day0402-多维数组的本质.cpp" "day0403-多维数组内存存储是线性的.cpp" "day0404-指针数组的应用场景.cpp" "day0405-结构体基本操作.cpp" "day0406-结构体做函数参数.cpp" "day0407-结构体做函数参数进阶.cpp" "day0408-结构体做函数参数进阶2.cpp" "day0409-结构体做函数参数进阶3.cpp" "day0410-强化作业.cpp" "day0411-强化作业2.cpp"
         day0411-强化作业2.cpp
     1>e:\c\c语言就业班\4. c语言基础提高第四天\课堂练习\课堂练习\day0411-强化作业2.cpp(27): warning C4267: “=”: 从“size_t”转换到“int”，可能丢失数据
     1>e:\c\c语言就业班\4. c语言基础提高第四天\课堂练习\课堂练习\day0411-强化作业2.cpp(38): warning C4267: “=”: 从“size_t”转换到“int”，可能丢失数据
     1>e:\c\c语言就业班\4. c语言基础提高第四天\课堂练习\课堂练习\day0411-强化作业2.cpp(71): warning C4267: “=”: 从“size_t”转换到“int”，可能丢失数据
     1>e:\c\c语言就业班\4. c语言基础提高第四天\课堂练习\课堂练习\day0411-强化作业2.cpp(67): warning C4101: “i”: 未引用的局部变量
         day0410-强化作业.cpp
         day0409-结构体做函数参数进阶3.cpp
         day0408-结构体做函数参数进阶2.cpp
         day0407-结构体做函数参数进阶.cpp
         day0406-结构体做函数参数.cpp
     1>e:\c\c语言就业班\4. c语言基础提高第四天\课堂练习\课堂练习\day0406-结构体做函数参数.cpp(83): warning C4101: “t2”: 未引用的局部变量
         day0405-结构体基本操作.cpp
     1>e:\c\c语言就业班\4. c语言基础提高第四天\课堂练习\课堂练习\day0405-结构体基本操作.cpp(56): warning C4838: 从“int”转换到“char”需要收缩转换
     1>e:\c\c语言就业班\4. c语言基础提高第四天\课堂练习\课堂练习\day0405-结构体基本操作.cpp(56): warning C4305: “初始化”: 从“int”到“char”截断
     1>e:\c\c语言就业班\4. c语言基础提高第四天\课堂练习\课堂练习\day0405-结构体基本操作.cpp(56): warning C4309: “初始化”: 截断常量值
     1>e:\c\c语言就业班\4. c语言基础提高第四天\课堂练习\课堂练习\day0405-结构体基本操作.cpp(66): warning C4838: 从“int”转换到“char”需要收缩转换
     1>e:\c\c语言就业班\4. c语言基础提高第四天\课堂练习\课堂练习\day0405-结构体基本操作.cpp(66): warning C4305: “初始化”: 从“int”到“char”截断
     1>e:\c\c语言就业班\4. c语言基础提高第四天\课堂练习\课堂练习\day0405-结构体基本操作.cpp(66): warning C4309: “初始化”: 截断常量值
     1>e:\c\c语言就业班\4. c语言基础提高第四天\课堂练习\课堂练习\day0405-结构体基本操作.cpp(67): warning C4838: 从“int”转换到“char”需要收缩转换
     1>e:\c\c语言就业班\4. c语言基础提高第四天\课堂练习\课堂练习\day0405-结构体基本操作.cpp(67): warning C4305: “初始化”: 从“int”到“char”截断
     1>e:\c\c语言就业班\4. c语言基础提高第四天\课堂练习\课堂练习\day0405-结构体基本操作.cpp(67): warning C4309: “初始化”: 截断常量值
         day0404-指针数组的应用场景.cpp
         day0403-多维数组内存存储是线性的.cpp
         day0402-多维数组的本质.cpp
     1>e:\c\c语言就业班\4. c语言基础提高第四天\课堂练习\课堂练习\day0402-多维数组的本质.cpp(29): warning C4477: 'printf' : format string '%d' requires an argument of type 'int', but variadic argument 1 has type 'int (*)[5]'
     1>e:\c\c语言就业班\4. c语言基础提高第四天\课堂练习\课堂练习\day0402-多维数组的本质.cpp(29): warning C4313: “printf”: 格式字符串中的“%d”与“int (*)[5]”类型的参数 1 冲突
     1>e:\c\c语言就业班\4. c语言基础提高第四天\课堂练习\课堂练习\day0402-多维数组的本质.cpp(29): warning C4477: 'printf' : format string '%d' requires an argument of type 'int', but variadic argument 2 has type 'int (*)[5]'
     1>e:\c\c语言就业班\4. c语言基础提高第四天\课堂练习\课堂练习\day0402-多维数组的本质.cpp(29): warning C4313: “printf”: 格式字符串中的“%d”与“int (*)[5]”类型的参数 2 冲突
     1>e:\c\c语言就业班\4. c语言基础提高第四天\课堂练习\课堂练习\day0402-多维数组的本质.cpp(30): warning C4477: 'printf' : format string '%d' requires an argument of type 'int', but variadic argument 1 has type 'int (*)[3][5]'
     1>e:\c\c语言就业班\4. c语言基础提高第四天\课堂练习\课堂练习\day0402-多维数组的本质.cpp(30): warning C4313: “printf”: 格式字符串中的“%d”与“int (*)[3][5]”类型的参数 1 冲突
     1>e:\c\c语言就业班\4. c语言基础提高第四天\课堂练习\课堂练习\day0402-多维数组的本质.cpp(30): warning C4477: 'printf' : format string '%d' requires an argument of type 'int', but variadic argument 2 has type 'int (*)[3][5]'
     1>e:\c\c语言就业班\4. c语言基础提高第四天\课堂练习\课堂练习\day0402-多维数组的本质.cpp(30): warning C4313: “printf”: 格式字符串中的“%d”与“int (*)[3][5]”类型的参数 2 冲突
         day0401-数组基础概念.cpp
     1>e:\c\c语言就业班\4. c语言基础提高第四天\课堂练习\课堂练习\day0401-数组基础概念.cpp(28): warning C4477: 'printf' : format string '%d' requires an argument of type 'int', but variadic argument 1 has type 'int (*)[100]'
     1>e:\c\c语言就业班\4. c语言基础提高第四天\课堂练习\课堂练习\day0401-数组基础概念.cpp(28): warning C4313: “printf”: 格式字符串中的“%d”与“int (*)[100]”类型的参数 1 冲突
     1>e:\c\c语言就业班\4. c语言基础提高第四天\课堂练习\课堂练习\day0401-数组基础概念.cpp(29): warning C4477: 'printf' : format string '%d' requires an argument of type 'int', but variadic argument 1 has type 'int *'
     1>e:\c\c语言就业班\4. c语言基础提高第四天\课堂练习\课堂练习\day0401-数组基础概念.cpp(29): warning C4313: “printf”: 格式字符串中的“%d”与“int *”类型的参数 1 冲突
     1>e:\c\c语言就业班\4. c语言基础提高第四天\课堂练习\课堂练习\day0401-数组基础概念.cpp(57): warning C4477: 'printf' : format string '%d' requires an argument of type 'int', but variadic argument 1 has type 'int *'
     1>e:\c\c语言就业班\4. c语言基础提高第四天\课堂练习\课堂练习\day0401-数组基础概念.cpp(57): warning C4313: “printf”: 格式字符串中的“%d”与“int *”类型的参数 1 冲突
     1>e:\c\c语言就业班\4. c语言基础提高第四天\课堂练习\课堂练习\day0401-数组基础概念.cpp(57): warning C4477: 'printf' : format string '%d' requires an argument of type 'int', but variadic argument 2 has type 'int *'
     1>e:\c\c语言就业班\4. c语言基础提高第四天\课堂练习\课堂练习\day0401-数组基础概念.cpp(57): warning C4313: “printf”: 格式字符串中的“%d”与“int *”类型的参数 2 冲突
     1>e:\c\c语言就业班\4. c语言基础提高第四天\课堂练习\课堂练习\day0401-数组基础概念.cpp(58): warning C4477: 'printf' : format string '%d' requires an argument of type 'int', but variadic argument 1 has type 'MYARRAY6 (*)'
     1>e:\c\c语言就业班\4. c语言基础提高第四天\课堂练习\课堂练习\day0401-数组基础概念.cpp(58): warning C4313: “printf”: 格式字符串中的“%d”与“MYARRAY6 (*)”类型的参数 1 冲突
     1>e:\c\c语言就业班\4. c语言基础提高第四天\课堂练习\课堂练习\day0401-数组基础概念.cpp(58): warning C4477: 'printf' : format string '%d' requires an argument of type 'int', but variadic argument 2 has type 'MYARRAY6 (*)'
     1>e:\c\c语言就业班\4. c语言基础提高第四天\课堂练习\课堂练习\day0401-数组基础概念.cpp(58): warning C4313: “printf”: 格式字符串中的“%d”与“MYARRAY6 (*)”类型的参数 2 冲突
         正在生成代码...
     1>e:\c\c语言就业班\4. c语言基础提高第四天\课堂练习\课堂练习\day0404-指针数组的应用场景.cpp(70): warning C4715: “main09”: 不是所有的控件路径都返回值
     1>e:\c\c语言就业班\4. c语言基础提高第四天\课堂练习\课堂练习\day0407-结构体做函数参数进阶.cpp(140): warning C4715: “main0123”: 不是所有的控件路径都返回值
     1>e:\c\c语言就业班\4. c语言基础提高第四天\课堂练习\课堂练习\day0408-结构体做函数参数进阶2.cpp(152): warning C4715: “main17”: 不是所有的控件路径都返回值
     1>e:\c\c语言就业班\4. c语言基础提高第四天\课堂练习\课堂练习\day0409-结构体做函数参数进阶3.cpp(187): warning C4715: “main121212121”: 不是所有的控件路径都返回值
       Link:
         F:\VS2015\installation location\VC\bin\x86_amd64\link.exe /ERRORREPORT:PROMPT /OUT:"E:\C\C语言就业班\4. C语言基础提高第四天\课堂练习\x64\Debug\课堂练习.exe" /INCREMENTAL /NOLOGO kernel32.lib user32.lib gdi32.lib winspool.lib comdlg32.lib advapi32.lib shell32.lib ole32.lib oleaut32.lib uuid.lib odbc32.lib odbccp32.lib /MANIFEST /MANIFESTUAC:"level='asInvoker' uiAccess='false'" /manifest:embed /Debug /PDB:"E:\C\C语言就业班\4. C语言基础提高第四天\课堂练习\x64\Debug\课堂练习.pdb" /SUBSYSTEM:CONSOLE /TLBID:1 /DYNAMICBASE /NXCOMPAT /IMPLIB:"E:\C\C语言就业班\4. C语言基础提高第四天\课堂练习\x64\Debug\课堂练习.lib" /MACHINE:X64 "x64\Debug\day0401-数组基础概念.obj"
         "x64\Debug\day0402-多维数组的本质.obj"
         "x64\Debug\day0403-多维数组内存存储是线性的.obj"
         "x64\Debug\day0404-指针数组的应用场景.obj"
         "x64\Debug\day0405-结构体基本操作.obj"
         "x64\Debug\day0406-结构体做函数参数.obj"
         "x64\Debug\day0407-结构体做函数参数进阶.obj"
         "x64\Debug\day0408-结构体做函数参数进阶2.obj"
         "x64\Debug\day0409-结构体做函数参数进阶3.obj"
         "x64\Debug\day0410-强化作业.obj"
         "x64\Debug\day0411-强化作业2.obj"
         课堂练习.vcxproj -> E:\C\C语言就业班\4. C语言基础提高第四天\课堂练习\x64\Debug\课堂练习.exe
     1>已完成生成项目“E:\C\C语言就业班\4. C语言基础提高第四天\课堂练习\课堂练习\课堂练习.vcxproj”(Rebuild 个目标)的操作。

已成功生成。

已用时间 00:00:02.53
