e:\c\c语言就业班\4. c语言基础提高第四天\课堂练习\课堂练习\x64\debug\vc140.pdb
e:\c\c语言就业班\4. c语言基础提高第四天\课堂练习\课堂练习\x64\debug\vc140.idb
e:\c\c语言就业班\4. c语言基础提高第四天\课堂练习\课堂练习\x64\debug\day0401-数组基础概念.obj
e:\c\c语言就业班\4. c语言基础提高第四天\课堂练习\课堂练习\x64\debug\day0402-多维数组的本质.obj
e:\c\c语言就业班\4. c语言基础提高第四天\课堂练习\课堂练习\x64\debug\day0403-多维数组内存存储是线性的.obj
e:\c\c语言就业班\4. c语言基础提高第四天\课堂练习\课堂练习\x64\debug\day0404-指针数组的应用场景.obj
e:\c\c语言就业班\4. c语言基础提高第四天\课堂练习\课堂练习\x64\debug\day0405-结构体基本操作.obj
e:\c\c语言就业班\4. c语言基础提高第四天\课堂练习\课堂练习\x64\debug\day0406-结构体做函数参数.obj
e:\c\c语言就业班\4. c语言基础提高第四天\课堂练习\课堂练习\x64\debug\day0407-结构体做函数参数进阶.obj
e:\c\c语言就业班\4. c语言基础提高第四天\课堂练习\课堂练习\x64\debug\day0408-结构体做函数参数进阶2.obj
e:\c\c语言就业班\4. c语言基础提高第四天\课堂练习\课堂练习\x64\debug\day0409-结构体做函数参数进阶3.obj
e:\c\c语言就业班\4. c语言基础提高第四天\课堂练习\课堂练习\x64\debug\day0410-强化作业.obj
e:\c\c语言就业班\4. c语言基础提高第四天\课堂练习\课堂练习\x64\debug\day0411-强化作业2.obj
e:\c\c语言就业班\4. c语言基础提高第四天\课堂练习\x64\debug\课堂练习.pdb
e:\c\c语言就业班\4. c语言基础提高第四天\课堂练习\课堂练习\x64\debug\课堂练习.tlog\cl.command.1.tlog
e:\c\c语言就业班\4. c语言基础提高第四天\课堂练习\课堂练习\x64\debug\课堂练习.tlog\cl.read.1.tlog
e:\c\c语言就业班\4. c语言基础提高第四天\课堂练习\课堂练习\x64\debug\课堂练习.tlog\cl.write.1.tlog
e:\c\c语言就业班\4. c语言基础提高第四天\课堂练习\课堂练习\x64\debug\课堂练习.tlog\link-cvtres.read.1.tlog
e:\c\c语言就业班\4. c语言基础提高第四天\课堂练习\课堂练习\x64\debug\课堂练习.tlog\link-cvtres.write.1.tlog
e:\c\c语言就业班\4. c语言基础提高第四天\课堂练习\课堂练习\x64\debug\课堂练习.tlog\link-rc.read.1.tlog
e:\c\c语言就业班\4. c语言基础提高第四天\课堂练习\课堂练习\x64\debug\课堂练习.tlog\link-rc.write.1.tlog
e:\c\c语言就业班\4. c语言基础提高第四天\课堂练习\课堂练习\x64\debug\课堂练习.tlog\link.command.1.tlog
e:\c\c语言就业班\4. c语言基础提高第四天\课堂练习\课堂练习\x64\debug\课堂练习.tlog\link.read.1.tlog
e:\c\c语言就业班\4. c语言基础提高第四天\课堂练习\课堂练习\x64\debug\课堂练习.tlog\link.write.1.tlog
